Build started 3/20/2015 8:13:47 PM.
     1>Project "G:\BIOLA UNIVERSITY\Spring 2015\CSCI - Comp Graphics\Game\Game\Game\Game.vcxproj" on node 2 (Build target(s)).
     1>ClCompile:
         C:\Program Files (x86)\Microsoft Visual Studio 12.0\VC\bin\CL.exe /c /ZI /nologo /W3 /WX- /sdl /Od /Oy- /D WIN32 /D _DEBUG /D _CONSOLE /D _LIB /D _UNICODE /D UNICODE /Gm /EHsc /RTC1 /MDd /GS /fp:precise /Zc:wchar_t /Zc:forScope /Fo"Debug\\" /Fd"Debug\vc120.pdb" /Gd /TP /analyze- /errorReport:prompt Source.cpp
         Source.cpp
     1>g:\biola university\spring 2015\csci - comp graphics\game\game\game\source.cpp(149): warning C4244: 'initializing' : conversion from 'double' to 'int', possible loss of data
     1>g:\biola university\spring 2015\csci - comp graphics\game\game\game\source.cpp(150): warning C4244: 'initializing' : conversion from 'double' to 'int', possible loss of data
     1>g:\biola university\spring 2015\csci - comp graphics\game\game\game\source.cpp(457): warning C4244: 'argument' : conversion from 'double' to 'const float', possible loss of data
     1>g:\biola university\spring 2015\csci - comp graphics\game\game\game\source.cpp(458): warning C4244: 'argument' : conversion from 'double' to 'const float', possible loss of data
     1>g:\biola university\spring 2015\csci - comp graphics\game\game\game\source.cpp(488): warning C4244: 'initializing' : conversion from 'double' to 'float', possible loss of data
     1>g:\biola university\spring 2015\csci - comp graphics\game\game\game\source.cpp(746): warning C4018: '<' : signed/unsigned mismatch
     1>g:\biola university\spring 2015\csci - comp graphics\game\game\game\source.cpp(770): warning C4305: 'initializing' : truncation from 'double' to 'GLfloat'
     1>g:\biola university\spring 2015\csci - comp graphics\game\game\game\source.cpp(771): warning C4305: 'initializing' : truncation from 'double' to 'GLfloat'
     1>g:\biola university\spring 2015\csci - comp graphics\game\game\game\source.cpp(848): warning C4018: '<' : signed/unsigned mismatch
     1>g:\biola university\spring 2015\csci - comp graphics\game\game\game\source.cpp(850): warning C4244: 'argument' : conversion from 'double' to 'float', possible loss of data
     1>g:\biola university\spring 2015\csci - comp graphics\game\game\game\source.cpp(855): warning C4244: 'argument' : conversion from 'double' to 'float', possible loss of data
       Link:
         C:\Program Files (x86)\Microsoft Visual Studio 12.0\VC\bin\link.exe /ERRORREPORT:PROMPT /OUT:"G:\BIOLA UNIVERSITY\Spring 2015\CSCI - Comp Graphics\Game\Game\Debug\Game.exe" /INCREMENTAL /NOLOGO opengl32.lib glu32.lib glfw3.lib kernel32.lib user32.lib gdi32.lib winspool.lib comdlg32.lib advapi32.lib shell32.lib ole32.lib oleaut32.lib uuid.lib odbc32.lib odbccp32.lib /MANIFEST /MANIFESTUAC:"level='asInvoker' uiAccess='false'" /manifest:embed /DEBUG /PDB:"G:\BIOLA UNIVERSITY\Spring 2015\CSCI - Comp Graphics\Game\Game\Debug\Game.pdb" /SUBSYSTEM:CONSOLE /TLBID:1 /DYNAMICBASE /NXCOMPAT /IMPLIB:"G:\BIOLA UNIVERSITY\Spring 2015\CSCI - Comp Graphics\Game\Game\Debug\Game.lib" /MACHINE:X86 Debug\Bullet.obj
         Debug\Integration.obj
         Debug\Source.obj
         Debug\Sphere.obj
     1>LINK : warning LNK4098: defaultlib 'MSVCRT' conflicts with use of other libs; use /NODEFAULTLIB:library
         Game.vcxproj -> G:\BIOLA UNIVERSITY\Spring 2015\CSCI - Comp Graphics\Game\Game\Debug\Game.exe
     1>Done Building Project "G:\BIOLA UNIVERSITY\Spring 2015\CSCI - Comp Graphics\Game\Game\Game\Game.vcxproj" (Build target(s)).

Build succeeded.

Time Elapsed 00:00:03.88
