Build started 3/20/2015 10:44:39 PM.
     1>Project "G:\BIOLA UNIVERSITY\Spring 2015\CSCI - Comp Graphics\Game\Game\Game\Game.vcxproj" on node 2 (Build target(s)).
     1>ClCompile:
         C:\Program Files (x86)\Microsoft Visual Studio 12.0\VC\bin\CL.exe /c /Zi /nologo /W3 /WX- /sdl /O2 /Oi /Oy- /GL /D WIN32 /D NDEBUG /D _CONSOLE /D _LIB /D _UNICODE /D UNICODE /Gm- /EHsc /MD /GS /Gy /fp:precise /Zc:wchar_t /Zc:forScope /Fo"Release\\" /Fd"Release\vc120.pdb" /Gd /TP /analyze- /errorReport:prompt Bullet.cpp Source.cpp Sphere.cpp
         Bullet.cpp
     1>Bullet.cpp(129): warning C4244: 'argument' : conversion from 'double' to 'const float', possible loss of data
     1>Bullet.cpp(130): warning C4244: 'argument' : conversion from 'double' to 'const float', possible loss of data
     1>Bullet.cpp(147): warning C4244: 'argument' : conversion from 'double' to 'const float', possible loss of data
     1>Bullet.cpp(148): warning C4244: 'argument' : conversion from 'double' to 'const float', possible loss of data
     1>Bullet.cpp(160): warning C4244: 'argument' : conversion from 'double' to 'const float', possible loss of data
     1>Bullet.cpp(161): warning C4244: 'argument' : conversion from 'double' to 'const float', possible loss of data
     1>Bullet.cpp(162): warning C4244: 'argument' : conversion from 'double' to 'const float', possible loss of data
     1>Bullet.cpp(164): warning C4244: 'argument' : conversion from 'double' to 'const float', possible loss of data
     1>Bullet.cpp(165): warning C4244: 'argument' : conversion from 'double' to 'const float', possible loss of data
     1>Bullet.cpp(166): warning C4244: 'argument' : conversion from 'double' to 'const float', possible loss of data
         Source.cpp
     1>Source.cpp(239): warning C4244: 'initializing' : conversion from 'double' to 'int', possible loss of data
     1>Source.cpp(240): warning C4244: 'initializing' : conversion from 'double' to 'int', possible loss of data
     1>Source.cpp(548): warning C4244: 'argument' : conversion from 'double' to 'const float', possible loss of data
     1>Source.cpp(549): warning C4244: 'argument' : conversion from 'double' to 'const float', possible loss of data
     1>Source.cpp(579): warning C4244: 'initializing' : conversion from 'double' to 'float', possible loss of data
     1>Source.cpp(708): warning C4018: '<' : signed/unsigned mismatch
     1>Source.cpp(711): warning C4244: 'initializing' : conversion from 'int' to 'GLfloat', possible loss of data
     1>Source.cpp(712): warning C4244: 'initializing' : conversion from 'int' to 'GLfloat', possible loss of data
     1>Source.cpp(713): warning C4244: 'initializing' : conversion from 'int' to 'GLfloat', possible loss of data
     1>Source.cpp(857): warning C4018: '<' : signed/unsigned mismatch
     1>Source.cpp(872): warning C4244: 'argument' : conversion from 'time_t' to 'unsigned int', possible loss of data
     1>Source.cpp(891): warning C4305: 'initializing' : truncation from 'double' to 'GLfloat'
     1>Source.cpp(892): warning C4305: 'initializing' : truncation from 'double' to 'GLfloat'
     1>Source.cpp(980): warning C4018: '<' : signed/unsigned mismatch
     1>Source.cpp(982): warning C4244: 'argument' : conversion from 'double' to 'float', possible loss of data
     1>Source.cpp(987): warning C4244: 'argument' : conversion from 'double' to 'float', possible loss of data
     1>Source.cpp(991): warning C4244: 'argument' : conversion from 'double' to 'float', possible loss of data
         Sphere.cpp
     1>Sphere.cpp(138): warning C4244: 'argument' : conversion from 'double' to 'const float', possible loss of data
     1>Sphere.cpp(139): warning C4244: 'argument' : conversion from 'double' to 'const float', possible loss of data
     1>Sphere.cpp(156): warning C4244: 'argument' : conversion from 'double' to 'const float', possible loss of data
     1>Sphere.cpp(157): warning C4244: 'argument' : conversion from 'double' to 'const float', possible loss of data
     1>Sphere.cpp(169): warning C4244: 'argument' : conversion from 'double' to 'const float', possible loss of data
     1>Sphere.cpp(170): warning C4244: 'argument' : conversion from 'double' to 'const float', possible loss of data
     1>Sphere.cpp(171): warning C4244: 'argument' : conversion from 'double' to 'const float', possible loss of data
     1>Sphere.cpp(173): warning C4244: 'argument' : conversion from 'double' to 'const float', possible loss of data
     1>Sphere.cpp(174): warning C4244: 'argument' : conversion from 'double' to 'const float', possible loss of data
     1>Sphere.cpp(175): warning C4244: 'argument' : conversion from 'double' to 'const float', possible loss of data
       Link:
         C:\Program Files (x86)\Microsoft Visual Studio 12.0\VC\bin\link.exe /ERRORREPORT:PROMPT /OUT:"G:\BIOLA UNIVERSITY\Spring 2015\CSCI - Comp Graphics\Game\Game\Release\Game.exe" /INCREMENTAL:NO /NOLOGO opengl32.lib glu32.lib glfw3.lib kernel32.lib user32.lib gdi32.lib winspool.lib comdlg32.lib advapi32.lib shell32.lib ole32.lib oleaut32.lib uuid.lib odbc32.lib odbccp32.lib /MANIFEST /MANIFESTUAC:"level='asInvoker' uiAccess='false'" /manifest:embed /DEBUG /PDB:"G:\BIOLA UNIVERSITY\Spring 2015\CSCI - Comp Graphics\Game\Game\Release\Game.pdb" /SUBSYSTEM:CONSOLE /OPT:REF /OPT:ICF /LTCG /TLBID:1 /DYNAMICBASE /NXCOMPAT /IMPLIB:"G:\BIOLA UNIVERSITY\Spring 2015\CSCI - Comp Graphics\Game\Game\Release\Game.lib" /MACHINE:X86 /SAFESEH Release\Bullet.obj
         Release\Source.obj
         Release\Sphere.obj
         Generating code
         Finished generating code
         Game.vcxproj -> G:\BIOLA UNIVERSITY\Spring 2015\CSCI - Comp Graphics\Game\Game\Release\Game.exe
     1>Done Building Project "G:\BIOLA UNIVERSITY\Spring 2015\CSCI - Comp Graphics\Game\Game\Game\Game.vcxproj" (Build target(s)).

Build succeeded.

Time Elapsed 00:00:05.10
